<?xml version="1.0" encoding="UTF-8"?>
<testng-results ignored="0" total="1" passed="1" failed="0" skipped="0">
  <reporter-output>
    <line>
      <![CDATA[Data:UserName]]>
    </line>
    <line>
      <![CDATA[Row:1]]>
    </line>
    <line>
      <![CDATA[Photo:./SreenShots/Thu Sep 27 12_11_57 IST 2018.png]]>
    </line>
  </reporter-output>
  <suite started-at="2018-09-27T06:41:45Z" name="Default suite" finished-at="2018-09-27T06:42:00Z" duration-ms="14278">
    <groups>
    </groups>
    <test started-at="2018-09-27T06:41:45Z" name="Default test" finished-at="2018-09-27T06:42:00Z" duration-ms="14278">
      <class name="script.TestDemo">
        <test-method is-config="true" signature="openApplication()[pri:0, instance:script.TestDemo@5609159b]" started-at="2018-09-27T06:41:45Z" name="openApplication" finished-at="2018-09-27T06:41:54Z" duration-ms="8888" status="PASS">
          <reporter-output>
          </reporter-output>
        </test-method> <!-- openApplication -->
        <test-method signature="testA()[pri:0, instance:script.TestDemo@5609159b]" started-at="2018-09-27T06:41:54Z" name="testA" finished-at="2018-09-27T06:41:57Z" duration-ms="3216" status="PASS">
          <reporter-output>
            <line>
              <![CDATA[Data:UserName]]>
            </line>
            <line>
              <![CDATA[Row:1]]>
            </line>
            <line>
              <![CDATA[Photo:./SreenShots/Thu Sep 27 12_11_57 IST 2018.png]]>
            </line>
          </reporter-output>
        </test-method> <!-- testA -->
        <test-method is-config="true" signature="closeApplication()[pri:0, instance:script.TestDemo@5609159b]" started-at="2018-09-27T06:41:57Z" name="closeApplication" finished-at="2018-09-27T06:42:00Z" duration-ms="2107" status="PASS">
          <reporter-output>
          </reporter-output>
        </test-method> <!-- closeApplication -->
      </class> <!-- script.TestDemo -->
    </test> <!-- Default test -->
  </suite> <!-- Default suite -->
</testng-results>
