<?xml version="1.0" encoding="UTF-8"?>
<testng-results ignored="0" total="1" passed="1" failed="0" skipped="0">
  <reporter-output>
    <line>
      <![CDATA[Row:1]]>
    </line>
    <line>
      <![CDATA[TesttestAis Passed]]>
    </line>
  </reporter-output>
  <suite started-at="2018-09-28T09:59:21Z" name="Default suite" finished-at="2018-09-28T09:59:36Z" duration-ms="15670">
    <groups>
    </groups>
    <test started-at="2018-09-28T09:59:21Z" name="Default test" finished-at="2018-09-28T09:59:36Z" duration-ms="15670">
      <class name="script.TestDemo">
        <test-method is-config="true" signature="openApplication(java.lang.String, java.lang.String)[pri:0, instance:script.TestDemo@11fc564b]" started-at="2018-09-28T09:59:21Z" name="openApplication" finished-at="2018-09-28T09:59:31Z" duration-ms="10044" status="PASS">
          <params>
            <param index="0">
              <value>
                <![CDATA[localhost]]>
              </value>
            </param>
            <param index="1">
              <value>
                <![CDATA[chrome]]>
              </value>
            </param>
          </params>
          <reporter-output>
          </reporter-output>
        </test-method> <!-- openApplication -->
        <test-method signature="testA()[pri:0, instance:script.TestDemo@11fc564b]" started-at="2018-09-28T09:59:31Z" name="testA" finished-at="2018-09-28T09:59:34Z" duration-ms="2953" status="PASS">
          <reporter-output>
            <line>
              <![CDATA[Row:1]]>
            </line>
          </reporter-output>
        </test-method> <!-- testA -->
        <test-method is-config="true" signature="closeApplication(org.testng.ITestResult)[pri:0, instance:script.TestDemo@11fc564b]" started-at="2018-09-28T09:59:34Z" name="closeApplication" finished-at="2018-09-28T09:59:36Z" duration-ms="2620" status="PASS">
          <params>
            <param index="0">
              <value>
                <![CDATA[[TestResult name=testA status=SUCCESS method=TestDemo.testA()[pri:0, instance:script.TestDemo@11fc564b] output=Row:1]]]>
              </value>
            </param>
          </params>
          <reporter-output>
            <line>
              <![CDATA[TesttestAis Passed]]>
            </line>
          </reporter-output>
        </test-method> <!-- closeApplication -->
      </class> <!-- script.TestDemo -->
    </test> <!-- Default test -->
  </suite> <!-- Default suite -->
</testng-results>
